c:\users\asus\source\repos\cg\cg\x64\debug\vc145.pdb
c:\users\asus\source\repos\cg\cg\x64\debug\vc145.idb
c:\users\asus\source\repos\cg\cg\x64\debug\main.obj
c:\users\asus\source\repos\cg\cg\x64\debug\cg.ilk
c:\users\asus\source\repos\cg\x64\debug\cg.pdb
c:\users\asus\source\repos\cg\cg\x64\debug\cg.tlog\cl.command.1.tlog
c:\users\asus\source\repos\cg\cg\x64\debug\cg.tlog\cl.items.tlog
c:\users\asus\source\repos\cg\cg\x64\debug\cg.tlog\cl.read.1.tlog
c:\users\asus\source\repos\cg\cg\x64\debug\cg.tlog\cl.write.1.tlog
c:\users\asus\source\repos\cg\cg\x64\debug\cg.tlog\link-cvtres.read.1.tlog
c:\users\asus\source\repos\cg\cg\x64\debug\cg.tlog\link-cvtres.write.1.tlog
c:\users\asus\source\repos\cg\cg\x64\debug\cg.tlog\link-rc.read.1.tlog
c:\users\asus\source\repos\cg\cg\x64\debug\cg.tlog\link-rc.write.1.tlog
c:\users\asus\source\repos\cg\cg\x64\debug\cg.tlog\link.19832-cvtres.read.1.tlog
c:\users\asus\source\repos\cg\cg\x64\debug\cg.tlog\link.19832-cvtres.write.1.tlog
c:\users\asus\source\repos\cg\cg\x64\debug\cg.tlog\link.19832-rc.read.1.tlog
c:\users\asus\source\repos\cg\cg\x64\debug\cg.tlog\link.19832-rc.write.1.tlog
c:\users\asus\source\repos\cg\cg\x64\debug\cg.tlog\link.19832.read.1.tlog
c:\users\asus\source\repos\cg\cg\x64\debug\cg.tlog\link.19832.read.2.tlog
c:\users\asus\source\repos\cg\cg\x64\debug\cg.tlog\link.19832.write.1.tlog
c:\users\asus\source\repos\cg\cg\x64\debug\cg.tlog\link.command.1.tlog
c:\users\asus\source\repos\cg\cg\x64\debug\cg.tlog\link.read.1.tlog
c:\users\asus\source\repos\cg\cg\x64\debug\cg.tlog\link.read.2.tlog
c:\users\asus\source\repos\cg\cg\x64\debug\cg.tlog\link.secondary.1.tlog
c:\users\asus\source\repos\cg\cg\x64\debug\cg.tlog\link.write.1.tlog
